Configuration file: /home/zeng/code/zengzzzzz.github.io/_config.yml
            Source: /home/zeng/code/zengzzzzz.github.io
       Destination: /home/zeng/code/zengzzzzz.github.io/_site
 Incremental build: disabled. Enable with --incremental
      Generating... 
                    done in 0.604 seconds.
 Auto-regeneration: enabled for '/home/zeng/code/zengzzzzz.github.io'
LiveReload address: http://0.0.0.0:35729
    Server address: http://0.0.0.0:4000/
  Server running... press ctrl-c to stop.
      Regenerating: 1 file(s) changed at 2023-10-06 23:16:37
                    nohup.out
                    ...done in 0.270787088 seconds.
                    
      Regenerating: 1 file(s) changed at 2023-10-06 23:16:38
                    nohup.out
                    ...done in 0.16215738 seconds.
                    
      Regenerating: 1 file(s) changed at 2023-10-06 23:16:38
                    nohup.out
                    ...done in 0.167364168 seconds.
                    
      Regenerating: 1 file(s) changed at 2023-10-06 23:16:38
                    nohup.out
                    ...done in 0.168686073 seconds.
                    
      Regenerating: 1 file(s) changed at 2023-10-06 23:16:39
                    nohup.out
                    ...done in 0.17253993 seconds.
                    
      Regenerating: 1 file(s) changed at 2023-10-06 23:16:39
                    nohup.out
                    ...done in 0.161807195 seconds.
                    
      Regenerating: 1 file(s) changed at 2023-10-06 23:16:39
                    nohup.out
                    ...done in 0.164372212 seconds.
                    
      Regenerating: 1 file(s) changed at 2023-10-06 23:16:39
                    nohup.out
                    ...done in 0.167339549 seconds.
                    
      Regenerating: 1 file(s) changed at 2023-10-06 23:16:40
                    nohup.out
                    ...done in 0.169011743 seconds.
                    
      Regenerating: 1 file(s) changed at 2023-10-06 23:16:40
                    nohup.out
                    ...done in 0.163985532 seconds.
                    
      Regenerating: 1 file(s) changed at 2023-10-06 23:16:40
                    nohup.out
                    ...done in 0.172159686 seconds.
                    
      Regenerating: 1 file(s) changed at 2023-10-06 23:16:41
                    nohup.out
                    ...done in 0.204983809 seconds.
                    
      Regenerating: 1 file(s) changed at 2023-10-06 23:16:41
                    nohup.out
                    ...done in 0.165595268 seconds.
                    
      Regenerating: 1 file(s) changed at 2023-10-06 23:16:41
                    nohup.out
                    ...done in 0.170156247 seconds.
                    
      Regenerating: 1 file(s) changed at 2023-10-06 23:16:41
                    nohup.out
                    ...done in 0.164599354 seconds.
                    
      Regenerating: 1 file(s) changed at 2023-10-06 23:16:42
                    nohup.out
                    ...done in 0.164753631 seconds.
                    
      Regenerating: 1 file(s) changed at 2023-10-06 23:16:42
                    nohup.out
                    ...done in 0.16704364 seconds.
                    
      Regenerating: 1 file(s) changed at 2023-10-06 23:16:42
                    nohup.out
                    ...done in 0.166220607 seconds.
                    
      Regenerating: 1 file(s) changed at 2023-10-06 23:16:42
                    nohup.out
                    ...done in 0.164903793 seconds.
                    
      Regenerating: 1 file(s) changed at 2023-10-06 23:16:43
                    nohup.out
                    ...done in 0.167717088 seconds.
                    
      Regenerating: 1 file(s) changed at 2023-10-06 23:16:43
                    nohup.out
                    ...done in 0.163762159 seconds.
                    
      Regenerating: 1 file(s) changed at 2023-10-06 23:16:43
                    nohup.out
                    ...done in 0.165668161 seconds.
                    
      Regenerating: 1 file(s) changed at 2023-10-06 23:16:43
                    nohup.out
                    ...done in 0.164689523 seconds.
                    
      Regenerating: 1 file(s) changed at 2023-10-06 23:16:44
                    nohup.out
                    ...done in 0.165507712 seconds.
                    
      Regenerating: 1 file(s) changed at 2023-10-06 23:16:44
                    nohup.out
                    ...done in 0.203001673 seconds.
                    
      Regenerating: 1 file(s) changed at 2023-10-06 23:16:44
                    nohup.out
                    ...done in 0.164637265 seconds.
                    
      Regenerating: 1 file(s) changed at 2023-10-06 23:16:45
                    nohup.out
                    ...done in 0.17065295 seconds.
                    
      Regenerating: 1 file(s) changed at 2023-10-06 23:16:45
                    nohup.out
                    ...done in 0.163233136 seconds.
                    
      Regenerating: 1 file(s) changed at 2023-10-06 23:16:45
                    nohup.out
                    ...done in 0.16617158 seconds.
                    
      Regenerating: 1 file(s) changed at 2023-10-06 23:16:45
                    nohup.out
                    ...done in 0.166342575 seconds.
                    
      Regenerating: 1 file(s) changed at 2023-10-06 23:16:46
                    nohup.out
                    ...done in 0.164709786 seconds.
                    
      Regenerating: 1 file(s) changed at 2023-10-06 23:16:46
                    nohup.out
                    ...done in 0.16492917 seconds.
                    
      Regenerating: 1 file(s) changed at 2023-10-06 23:16:46
                    nohup.out
                    ...done in 0.165517774 seconds.
                    
      Regenerating: 1 file(s) changed at 2023-10-06 23:16:46
                    nohup.out
                    ...done in 0.163844894 seconds.
                    
      Regenerating: 1 file(s) changed at 2023-10-06 23:16:47
                    nohup.out
                    ...done in 0.177385073 seconds.
                    
      Regenerating: 1 file(s) changed at 2023-10-06 23:16:47
                    nohup.out
                    ...done in 0.174657251 seconds.
                    
      Regenerating: 1 file(s) changed at 2023-10-06 23:16:47
                    nohup.out
                    ...done in 0.201131852 seconds.
                    
      Regenerating: 1 file(s) changed at 2023-10-06 23:16:48
                    nohup.out
                    ...done in 0.163641812 seconds.
                    
      Regenerating: 1 file(s) changed at 2023-10-06 23:16:48
                    nohup.out
                    ...done in 0.158890059 seconds.
                    
      Regenerating: 1 file(s) changed at 2023-10-06 23:16:48
                    nohup.out
                    ...done in 0.164694666 seconds.
                    
      Regenerating: 1 file(s) changed at 2023-10-06 23:16:48
                    nohup.out
                    ...done in 0.163343853 seconds.
                    
      Regenerating: 1 file(s) changed at 2023-10-06 23:16:49
                    nohup.out
                    ...done in 0.161802008 seconds.
                    
      Regenerating: 1 file(s) changed at 2023-10-06 23:16:49
                    nohup.out
                    ...done in 0.159998423 seconds.
                    
      Regenerating: 1 file(s) changed at 2023-10-06 23:16:49
                    nohup.out
                    ...done in 0.167400781 seconds.
                    
      Regenerating: 1 file(s) changed at 2023-10-06 23:16:49
                    nohup.out
                    ...done in 0.160674847 seconds.
                    
      Regenerating: 1 file(s) changed at 2023-10-06 23:16:50
                    nohup.out
                    ...done in 0.168651971 seconds.
                    
      Regenerating: 1 file(s) changed at 2023-10-06 23:16:50
                    nohup.out
                    ...done in 0.161456723 seconds.
                    
      Regenerating: 1 file(s) changed at 2023-10-06 23:16:50
                    nohup.out
                    ...done in 0.164255614 seconds.
                    
      Regenerating: 1 file(s) changed at 2023-10-06 23:16:50
                    nohup.out
                    ...done in 0.165099093 seconds.
                    
      Regenerating: 1 file(s) changed at 2023-10-06 23:16:51
                    nohup.out
                    ...done in 0.204398616 seconds.
                    
      Regenerating: 1 file(s) changed at 2023-10-06 23:16:51
                    nohup.out
                    ...done in 0.161700048 seconds.
                    
      Regenerating: 1 file(s) changed at 2023-10-06 23:16:51
                    nohup.out
                    ...done in 0.162649404 seconds.
                    
      Regenerating: 1 file(s) changed at 2023-10-06 23:16:52
                    nohup.out
                    ...done in 0.164071154 seconds.
                    
      Regenerating: 1 file(s) changed at 2023-10-06 23:16:52
                    nohup.out
                    ...done in 0.164999454 seconds.
                    
      Regenerating: 1 file(s) changed at 2023-10-06 23:16:52
                    nohup.out
                    ...done in 0.163994201 seconds.
                    
      Regenerating: 1 file(s) changed at 2023-10-06 23:16:52
                    nohup.out
                    ...done in 0.165208847 seconds.
                    
      Regenerating: 1 file(s) changed at 2023-10-06 23:16:53
                    nohup.out
                    ...done in 0.166526318 seconds.
                    
      Regenerating: 1 file(s) changed at 2023-10-06 23:16:53
                    nohup.out
                    ...done in 0.164788523 seconds.
                    
      Regenerating: 1 file(s) changed at 2023-10-06 23:16:53
                    nohup.out
                    ...done in 0.169806654 seconds.
                    
      Regenerating: 1 file(s) changed at 2023-10-06 23:16:53
                    nohup.out
                    ...done in 0.166910995 seconds.
                    
      Regenerating: 1 file(s) changed at 2023-10-06 23:16:54
                    nohup.out
                    ...done in 0.164137899 seconds.
                    
      Regenerating: 1 file(s) changed at 2023-10-06 23:16:54
                    nohup.out
                    ...done in 0.205096633 seconds.
                    
      Regenerating: 1 file(s) changed at 2023-10-06 23:16:54
                    nohup.out
                    ...done in 0.167070713 seconds.
                    
      Regenerating: 1 file(s) changed at 2023-10-06 23:16:55
                    nohup.out
                    ...done in 0.1748644 seconds.
                    
      Regenerating: 1 file(s) changed at 2023-10-06 23:16:55
                    nohup.out
                    ...done in 0.167788014 seconds.
                    
      Regenerating: 1 file(s) changed at 2023-10-06 23:16:55
                    nohup.out
                    ...done in 0.170320292 seconds.
                    
      Regenerating: 1 file(s) changed at 2023-10-06 23:16:55
                    nohup.out
                    ...done in 0.166960112 seconds.
                    
      Regenerating: 1 file(s) changed at 2023-10-06 23:16:56
                    nohup.out
                    ...done in 0.161844547 seconds.
                    
      Regenerating: 1 file(s) changed at 2023-10-06 23:16:56
                    nohup.out
                    ...done in 0.166181005 seconds.
                    
      Regenerating: 1 file(s) changed at 2023-10-06 23:16:56
                    nohup.out
                    ...done in 0.168386035 seconds.
                    
      Regenerating: 1 file(s) changed at 2023-10-06 23:16:56
                    nohup.out
                    ...done in 0.168475296 seconds.
                    
      Regenerating: 1 file(s) changed at 2023-10-06 23:16:57
                    nohup.out
                    ...done in 0.174014314 seconds.
                    
      Regenerating: 1 file(s) changed at 2023-10-06 23:16:57
                    nohup.out
                    ...done in 0.170111297 seconds.
                    
      Regenerating: 1 file(s) changed at 2023-10-06 23:16:57
                    nohup.out
                    ...done in 0.198643954 seconds.
                    
      Regenerating: 1 file(s) changed at 2023-10-06 23:16:58
                    nohup.out
                    ...done in 0.167816673 seconds.
                    
      Regenerating: 1 file(s) changed at 2023-10-06 23:16:58
                    nohup.out
                    ...done in 0.162571334 seconds.
                    
      Regenerating: 1 file(s) changed at 2023-10-06 23:16:58
                    nohup.out
                    ...done in 0.168428943 seconds.
                    
      Regenerating: 1 file(s) changed at 2023-10-06 23:16:58
                    nohup.out
                    ...done in 0.168080368 seconds.
                    
      Regenerating: 1 file(s) changed at 2023-10-06 23:16:59
                    nohup.out
                    ...done in 0.169378945 seconds.
                    
      Regenerating: 1 file(s) changed at 2023-10-06 23:16:59
                    nohup.out
                    ...done in 0.168315151 seconds.
                    
      Regenerating: 1 file(s) changed at 2023-10-06 23:16:59
                    nohup.out
                    ...done in 0.160167295 seconds.
                    
      Regenerating: 1 file(s) changed at 2023-10-06 23:16:59
                    nohup.out
                    ...done in 0.165326944 seconds.
                    
      Regenerating: 1 file(s) changed at 2023-10-06 23:17:00
                    nohup.out
                    ...done in 0.16970676 seconds.
                    
      Regenerating: 1 file(s) changed at 2023-10-06 23:17:00
                    nohup.out
                    ...done in 0.165083495 seconds.
                    
      Regenerating: 1 file(s) changed at 2023-10-06 23:17:00
                    nohup.out
                    ...done in 0.16894227 seconds.
                    
      Regenerating: 1 file(s) changed at 2023-10-06 23:17:01
                    nohup.out
                    ...done in 0.167081035 seconds.
                    
      Regenerating: 1 file(s) changed at 2023-10-06 23:17:01
                    nohup.out
                    ...done in 0.204308861 seconds.
                    
      Regenerating: 1 file(s) changed at 2023-10-06 23:17:01
                    nohup.out
                    ...done in 0.166887499 seconds.
                    
      Regenerating: 1 file(s) changed at 2023-10-06 23:17:01
                    nohup.out
                    ...done in 0.16371282 seconds.
                    
      Regenerating: 1 file(s) changed at 2023-10-06 23:17:02
                    nohup.out
                    ...done in 0.166679049 seconds.
                    
      Regenerating: 1 file(s) changed at 2023-10-06 23:17:02
                    nohup.out
                    ...done in 0.161937534 seconds.
                    
      Regenerating: 1 file(s) changed at 2023-10-06 23:17:02
                    nohup.out
                    ...done in 0.166598586 seconds.
                    
      Regenerating: 1 file(s) changed at 2023-10-06 23:17:02
                    nohup.out
                    ...done in 0.167942522 seconds.
                    
      Regenerating: 1 file(s) changed at 2023-10-06 23:17:03
                    nohup.out
                    ...done in 0.168685196 seconds.
                    
      Regenerating: 1 file(s) changed at 2023-10-06 23:17:03
                    nohup.out
                    ...done in 0.165327857 seconds.
                    
      Regenerating: 1 file(s) changed at 2023-10-06 23:17:03
                    nohup.out
                    ...done in 0.164577998 seconds.
                    
      Regenerating: 1 file(s) changed at 2023-10-06 23:17:03
                    nohup.out
                    ...done in 0.165341591 seconds.
                    
      Regenerating: 1 file(s) changed at 2023-10-06 23:17:04
                    nohup.out
                    ...done in 0.172065765 seconds.
                    
      Regenerating: 1 file(s) changed at 2023-10-06 23:17:04
                    nohup.out
                    ...done in 0.201626636 seconds.
                    
      Regenerating: 1 file(s) changed at 2023-10-06 23:17:04
                    nohup.out
                    ...done in 0.164562033 seconds.
                    
      Regenerating: 1 file(s) changed at 2023-10-06 23:17:05
                    nohup.out
                    ...done in 0.166498572 seconds.
                    
      Regenerating: 1 file(s) changed at 2023-10-06 23:17:05
                    nohup.out
                    ...done in 0.166494294 seconds.
                    
      Regenerating: 1 file(s) changed at 2023-10-06 23:17:05
                    nohup.out
                    ...done in 0.16506414 seconds.
                    
      Regenerating: 1 file(s) changed at 2023-10-06 23:17:05
                    nohup.out
                    ...done in 0.166825128 seconds.
                    
      Regenerating: 1 file(s) changed at 2023-10-06 23:17:06
                    nohup.out
                    ...done in 0.173792549 seconds.
                    
      Regenerating: 1 file(s) changed at 2023-10-06 23:17:06
                    nohup.out
                    ...done in 0.161380366 seconds.
                    
      Regenerating: 1 file(s) changed at 2023-10-06 23:17:06
                    nohup.out
                    ...done in 0.16666863 seconds.
                    
      Regenerating: 1 file(s) changed at 2023-10-06 23:17:06
                    nohup.out
                    ...done in 0.168658033 seconds.
                    
      Regenerating: 1 file(s) changed at 2023-10-06 23:17:07
                    nohup.out
                    ...done in 0.167501857 seconds.
                    
      Regenerating: 1 file(s) changed at 2023-10-06 23:17:07
                    nohup.out
                    ...done in 0.172946607 seconds.
                    
      Regenerating: 1 file(s) changed at 2023-10-06 23:17:07
                    nohup.out
                    ...done in 0.203960071 seconds.
                    
      Regenerating: 1 file(s) changed at 2023-10-06 23:17:08
                    nohup.out
                    ...done in 0.165704563 seconds.
                    
      Regenerating: 1 file(s) changed at 2023-10-06 23:17:08
                    nohup.out
                    ...done in 0.168081617 seconds.
                    
      Regenerating: 1 file(s) changed at 2023-10-06 23:17:08
                    nohup.out
                    ...done in 0.162506252 seconds.
                    
      Regenerating: 1 file(s) changed at 2023-10-06 23:17:08
                    nohup.out
                    ...done in 0.162854272 seconds.
                    
      Regenerating: 1 file(s) changed at 2023-10-06 23:17:09
                    nohup.out
                    ...done in 0.167352391 seconds.
                    
      Regenerating: 1 file(s) changed at 2023-10-06 23:17:09
                    nohup.out
                    ...done in 0.168665029 seconds.
                    
      Regenerating: 1 file(s) changed at 2023-10-06 23:17:09
                    nohup.out
                    ...done in 0.165904145 seconds.
                    
      Regenerating: 1 file(s) changed at 2023-10-06 23:17:09
                    nohup.out
                    ...done in 0.167544087 seconds.
                    
      Regenerating: 1 file(s) changed at 2023-10-06 23:17:10
                    nohup.out
                    ...done in 0.170350478 seconds.
                    
      Regenerating: 1 file(s) changed at 2023-10-06 23:17:10
                    nohup.out
                    ...done in 0.172520221 seconds.
                    
      Regenerating: 1 file(s) changed at 2023-10-06 23:17:10
                    nohup.out
                    ...done in 0.166962194 seconds.
                    
      Regenerating: 1 file(s) changed at 2023-10-06 23:17:11
                    nohup.out
                    ...done in 0.168655646 seconds.
                    
      Regenerating: 1 file(s) changed at 2023-10-06 23:17:11
                    nohup.out
                    ...done in 0.205616211 seconds.
                    
      Regenerating: 1 file(s) changed at 2023-10-06 23:17:11
                    nohup.out
                    ...done in 0.165445857 seconds.
                    
      Regenerating: 1 file(s) changed at 2023-10-06 23:17:11
                    nohup.out
                    ...done in 0.163831666 seconds.
                    
      Regenerating: 1 file(s) changed at 2023-10-06 23:17:12
                    nohup.out
                    ...done in 0.163895695 seconds.
                    
      Regenerating: 1 file(s) changed at 2023-10-06 23:17:12
                    nohup.out
                    ...done in 0.167980772 seconds.
                    
      Regenerating: 1 file(s) changed at 2023-10-06 23:17:12
                    nohup.out
                    ...done in 0.166194626 seconds.
                    
      Regenerating: 1 file(s) changed at 2023-10-06 23:17:12
                    nohup.out
                    ...done in 0.168540065 seconds.
                    
      Regenerating: 1 file(s) changed at 2023-10-06 23:17:13
                    nohup.out
                    ...done in 0.168136616 seconds.
                    
      Regenerating: 1 file(s) changed at 2023-10-06 23:17:13
                    nohup.out
                    ...done in 0.168811178 seconds.
                    
      Regenerating: 1 file(s) changed at 2023-10-06 23:17:13
                    nohup.out
                    ...done in 0.164381022 seconds.
                    
      Regenerating: 1 file(s) changed at 2023-10-06 23:17:14
                    nohup.out
                    ...done in 0.170258187 seconds.
                    
      Regenerating: 1 file(s) changed at 2023-10-06 23:17:14
                    nohup.out
                    ...done in 0.165974271 seconds.
                    
      Regenerating: 1 file(s) changed at 2023-10-06 23:17:14
                    nohup.out
                    ...done in 0.201279741 seconds.
                    
      Regenerating: 1 file(s) changed at 2023-10-06 23:17:14
                    nohup.out
                    ...done in 0.168936755 seconds.
                    
      Regenerating: 1 file(s) changed at 2023-10-06 23:17:15
                    nohup.out
                    ...done in 0.166764869 seconds.
                    
      Regenerating: 1 file(s) changed at 2023-10-06 23:17:15
                    nohup.out
                    ...done in 0.169241422 seconds.
                    
      Regenerating: 1 file(s) changed at 2023-10-06 23:17:15
                    nohup.out
                    ...done in 0.171702647 seconds.
                    
      Regenerating: 1 file(s) changed at 2023-10-06 23:17:15
                    nohup.out
                    ...done in 0.166940098 seconds.
                    
      Regenerating: 1 file(s) changed at 2023-10-06 23:17:16
                    nohup.out
                    ...done in 0.163368604 seconds.
                    
      Regenerating: 1 file(s) changed at 2023-10-06 23:17:16
                    nohup.out
                    ...done in 0.165609254 seconds.
                    
      Regenerating: 1 file(s) changed at 2023-10-06 23:17:16
                    nohup.out
                    ...done in 0.165201872 seconds.
                    
      Regenerating: 1 file(s) changed at 2023-10-06 23:17:16
                    nohup.out
                    ...done in 0.166918698 seconds.
                    
      Regenerating: 1 file(s) changed at 2023-10-06 23:17:17
                    nohup.out
                    ...done in 0.175946687 seconds.
                    
      Regenerating: 1 file(s) changed at 2023-10-06 23:17:17
                    nohup.out
                    ...done in 0.168264112 seconds.
                    
      Regenerating: 1 file(s) changed at 2023-10-06 23:17:17
                    nohup.out
                    ...done in 0.1912091 seconds.
                    
      Regenerating: 1 file(s) changed at 2023-10-06 23:17:18
                    nohup.out
                    ...done in 0.157765113 seconds.
                    
      Regenerating: 1 file(s) changed at 2023-10-06 23:17:18
                    nohup.out
                    ...done in 0.155209218 seconds.
                    
      Regenerating: 1 file(s) changed at 2023-10-06 23:17:18
                    nohup.out
                    ...done in 0.155415187 seconds.
                    
      Regenerating: 1 file(s) changed at 2023-10-06 23:17:18
                    nohup.out
                    ...done in 0.153285159 seconds.
                    
      Regenerating: 1 file(s) changed at 2023-10-06 23:17:19
                    nohup.out
                    ...done in 0.155983006 seconds.
                    
      Regenerating: 1 file(s) changed at 2023-10-06 23:17:19
                    nohup.out
                    ...done in 0.153876507 seconds.
                    
      Regenerating: 1 file(s) changed at 2023-10-06 23:17:19
                    nohup.out
                    ...done in 0.15467472 seconds.
                    
      Regenerating: 1 file(s) changed at 2023-10-06 23:17:19
                    nohup.out
                    ...done in 0.155315892 seconds.
                    
      Regenerating: 1 file(s) changed at 2023-10-06 23:17:20
                    nohup.out
                    ...done in 0.160576427 seconds.
                    
      Regenerating: 1 file(s) changed at 2023-10-06 23:17:20
                    nohup.out
                    ...done in 0.154739492 seconds.
                    
      Regenerating: 1 file(s) changed at 2023-10-06 23:17:20
                    nohup.out
                    ...done in 0.155991294 seconds.
                    
      Regenerating: 1 file(s) changed at 2023-10-06 23:17:20
                    nohup.out
                    ...done in 0.192310157 seconds.
                    
      Regenerating: 1 file(s) changed at 2023-10-06 23:17:21
                    nohup.out
                    ...done in 0.156172731 seconds.
                    
      Regenerating: 1 file(s) changed at 2023-10-06 23:17:21
                    nohup.out
                    ...done in 0.155268663 seconds.
                    
      Regenerating: 1 file(s) changed at 2023-10-06 23:17:21
                    nohup.out
                    ...done in 0.154918486 seconds.
                    
      Regenerating: 1 file(s) changed at 2023-10-06 23:17:21
                    nohup.out
                    ...done in 0.154761515 seconds.
                    
      Regenerating: 1 file(s) changed at 2023-10-06 23:17:22
                    nohup.out
                    ...done in 0.154702498 seconds.
                    
      Regenerating: 1 file(s) changed at 2023-10-06 23:17:22
                    nohup.out
                    ...done in 0.157456773 seconds.
                    
      Regenerating: 1 file(s) changed at 2023-10-06 23:17:22
                    nohup.out
                    ...done in 0.154759908 seconds.
                    
      Regenerating: 1 file(s) changed at 2023-10-06 23:17:23
                    nohup.out
                    ...done in 0.155875246 seconds.
                    
      Regenerating: 1 file(s) changed at 2023-10-06 23:17:23
                    nohup.out
                    ...done in 0.157569544 seconds.
                    
      Regenerating: 1 file(s) changed at 2023-10-06 23:17:23
                    nohup.out
                    ...done in 0.15352231 seconds.
                    
      Regenerating: 1 file(s) changed at 2023-10-06 23:17:23
                    nohup.out
                    ...done in 0.158877359 seconds.
                    
      Regenerating: 1 file(s) changed at 2023-10-06 23:17:24
                    nohup.out
                    ...done in 0.174029431 seconds.
                    
      Regenerating: 1 file(s) changed at 2023-10-06 23:17:24
                    nohup.out
                    ...done in 0.200336195 seconds.
                    
      Regenerating: 1 file(s) changed at 2023-10-06 23:17:24
                    nohup.out
                    ...done in 0.16617127 seconds.
                    
      Regenerating: 1 file(s) changed at 2023-10-06 23:17:24
                    nohup.out
                    ...done in 0.169196942 seconds.
                    
      Regenerating: 1 file(s) changed at 2023-10-06 23:17:25
                    nohup.out
                    ...done in 0.164001638 seconds.
                    
      Regenerating: 1 file(s) changed at 2023-10-06 23:17:25
                    nohup.out
                    ...done in 0.158033388 seconds.
                    
      Regenerating: 1 file(s) changed at 2023-10-06 23:17:25
                    nohup.out
                    ...done in 0.164763085 seconds.
                    
      Regenerating: 1 file(s) changed at 2023-10-06 23:17:25
                    nohup.out
                    ...done in 0.171661423 seconds.
                    
      Regenerating: 1 file(s) changed at 2023-10-06 23:17:26
                    nohup.out
                    ...done in 0.161399733 seconds.
                    
      Regenerating: 1 file(s) changed at 2023-10-06 23:17:26
                    nohup.out
                    ...done in 0.165957833 seconds.
                    
      Regenerating: 1 file(s) changed at 2023-10-06 23:17:26
                    nohup.out
                    ...done in 0.169421194 seconds.
                    
      Regenerating: 1 file(s) changed at 2023-10-06 23:17:27
                    nohup.out
                    ...done in 0.161020145 seconds.
                    
        LiveReload: Browser connected
      Regenerating: 1 file(s) changed at 2023-10-06 23:17:27
                    nohup.out
                    ...done in 0.196191922 seconds.
                    
      Regenerating: 1 file(s) changed at 2023-10-06 23:17:27
                    nohup.out
                    ...done in 0.165288905 seconds.
                    
      Regenerating: 1 file(s) changed at 2023-10-06 23:17:27
                    nohup.out
                    ...done in 0.182394009 seconds.
                    
      Regenerating: 1 file(s) changed at 2023-10-06 23:17:28
                    nohup.out
                    ...done in 0.230875523 seconds.
                    
      Regenerating: 1 file(s) changed at 2023-10-06 23:17:28
                    nohup.out
                    ...done in 0.214933425 seconds.
                    
      Regenerating: 1 file(s) changed at 2023-10-06 23:17:28
                    nohup.out
                    ...done in 0.205450406 seconds.
                    
      Regenerating: 1 file(s) changed at 2023-10-06 23:17:29
                    nohup.out
                    ...done in 0.19189735 seconds.
                    
      Regenerating: 1 file(s) changed at 2023-10-06 23:17:29
                    nohup.out
                    ...done in 0.178399358 seconds.
                    
      Regenerating: 1 file(s) changed at 2023-10-06 23:17:29
                    nohup.out
                    ...done in 0.20796056 seconds.
                    
      Regenerating: 1 file(s) changed at 2023-10-06 23:17:29
                    nohup.out
                    ...done in 0.197074546 seconds.
                    
      Regenerating: 1 file(s) changed at 2023-10-06 23:17:30
                    nohup.out
                    ...done in 0.18458381 seconds.
                    
      Regenerating: 1 file(s) changed at 2023-10-06 23:17:30
                    nohup.out
                    ...done in 0.190040998 seconds.
                    
      Regenerating: 1 file(s) changed at 2023-10-06 23:17:30
                    nohup.out
                    ...done in 0.189851564 seconds.
                    
      Regenerating: 1 file(s) changed at 2023-10-06 23:17:31
                    nohup.out
                    ...done in 0.213319824 seconds.
                    
      Regenerating: 1 file(s) changed at 2023-10-06 23:17:31
                    nohup.out
                    ...done in 0.19762815 seconds.
                    
      Regenerating: 1 file(s) changed at 2023-10-06 23:17:31
                    nohup.out
                    ...done in 0.215054087 seconds.
                    
      Regenerating: 1 file(s) changed at 2023-10-06 23:17:32
                    nohup.out
                    ...done in 0.203801711 seconds.
                    
      Regenerating: 1 file(s) changed at 2023-10-06 23:17:32
                    nohup.out
                    ...done in 0.193302823 seconds.
                    
      Regenerating: 1 file(s) changed at 2023-10-06 23:17:32
                    nohup.out
                    ...done in 0.192922009 seconds.
                    
      Regenerating: 1 file(s) changed at 2023-10-06 23:17:33
                    nohup.out
                    ...done in 0.200359112 seconds.
                    
      Regenerating: 1 file(s) changed at 2023-10-06 23:17:33
                    nohup.out
                    ...done in 0.211287042 seconds.
                    
      Regenerating: 1 file(s) changed at 2023-10-06 23:17:33
                    nohup.out
                    ...done in 0.217325285 seconds.
                    
      Regenerating: 1 file(s) changed at 2023-10-06 23:17:34
                    nohup.out
                    ...done in 0.273982596 seconds.
                    
      Regenerating: 1 file(s) changed at 2023-10-06 23:17:34
                    nohup.out
                    ...done in 0.175208059 seconds.
                    
      Regenerating: 1 file(s) changed at 2023-10-06 23:17:34
                    nohup.out
                    ...done in 0.196985747 seconds.
                    
      Regenerating: 1 file(s) changed at 2023-10-06 23:17:34
                    nohup.out
                    ...done in 0.192126743 seconds.
                    
      Regenerating: 1 file(s) changed at 2023-10-06 23:17:35
                    nohup.out
                    ...done in 0.205929922 seconds.
                    
      Regenerating: 1 file(s) changed at 2023-10-06 23:17:35
                    nohup.out
                    ...done in 0.173328253 seconds.
                    
      Regenerating: 1 file(s) changed at 2023-10-06 23:17:35
                    nohup.out
                    ...done in 0.219232116 seconds.
                    
      Regenerating: 1 file(s) changed at 2023-10-06 23:17:36
                    nohup.out
                    ...done in 0.190092862 seconds.
                    
      Regenerating: 1 file(s) changed at 2023-10-06 23:17:36
                    nohup.out
                    ...done in 0.190892525 seconds.
                    
      Regenerating: 1 file(s) changed at 2023-10-06 23:17:36
                    nohup.out
                    ...done in 0.222790264 seconds.
                    
      Regenerating: 1 file(s) changed at 2023-10-06 23:17:37
                    nohup.out
                    ...done in 0.169410124 seconds.
                    
      Regenerating: 1 file(s) changed at 2023-10-06 23:17:37
                    nohup.out
                    ...done in 0.218745167 seconds.
                    
      Regenerating: 1 file(s) changed at 2023-10-06 23:17:37
                    nohup.out
                    ...done in 0.291836309 seconds.
                    
      Regenerating: 1 file(s) changed at 2023-10-06 23:17:38
                    nohup.out
                    ...done in 0.182376572 seconds.
                    
      Regenerating: 1 file(s) changed at 2023-10-06 23:17:38
                    nohup.out
                    ...done in 0.198591977 seconds.
                    
      Regenerating: 1 file(s) changed at 2023-10-06 23:17:38
                    nohup.out
                    ...done in 0.17896307 seconds.
                    
      Regenerating: 1 file(s) changed at 2023-10-06 23:17:38
                    nohup.out
                    ...done in 0.187602696 seconds.
                    
      Regenerating: 1 file(s) changed at 2023-10-06 23:17:39
                    nohup.out
                    ...done in 0.201077288 seconds.
                    
      Regenerating: 1 file(s) changed at 2023-10-06 23:17:39
                    nohup.out
                    ...done in 0.217513653 seconds.
                    
      Regenerating: 1 file(s) changed at 2023-10-06 23:17:39
                    nohup.out
                    ...done in 0.229585984 seconds.
                    
      Regenerating: 1 file(s) changed at 2023-10-06 23:17:40
                    nohup.out
                    ...done in 0.206618763 seconds.
                    
      Regenerating: 1 file(s) changed at 2023-10-06 23:17:40
                    nohup.out
                    ...done in 0.200212239 seconds.
                    
      Regenerating: 1 file(s) changed at 2023-10-06 23:17:40
                    nohup.out
                    ...done in 0.199611156 seconds.
                    
      Regenerating: 1 file(s) changed at 2023-10-06 23:17:41
                    nohup.out
                    ...done in 0.214737423 seconds.
                    
      Regenerating: 1 file(s) changed at 2023-10-06 23:17:41
                    nohup.out
                    ...done in 0.21093986 seconds.
                    
      Regenerating: 1 file(s) changed at 2023-10-06 23:17:41
                    nohup.out
                    ...done in 0.187746968 seconds.
                    
      Regenerating: 1 file(s) changed at 2023-10-06 23:17:42
                    nohup.out
                    ...done in 0.213860734 seconds.
                    
      Regenerating: 1 file(s) changed at 2023-10-06 23:17:42
                    nohup.out
                    ...done in 0.254985996 seconds.
                    
      Regenerating: 1 file(s) changed at 2023-10-06 23:17:42
                    nohup.out
                    ...done in 0.181822774 seconds.
                    
      Regenerating: 1 file(s) changed at 2023-10-06 23:17:43
                    nohup.out
                    ...done in 0.194714042 seconds.
                    
      Regenerating: 1 file(s) changed at 2023-10-06 23:17:43
                    nohup.out
                    ...done in 0.184992153 seconds.
                    
      Regenerating: 1 file(s) changed at 2023-10-06 23:17:43
                    nohup.out
                    ...done in 0.194366975 seconds.
                    
      Regenerating: 1 file(s) changed at 2023-10-06 23:17:43
                    nohup.out
                    ...done in 0.199153927 seconds.
                    
      Regenerating: 1 file(s) changed at 2023-10-06 23:17:44
                    nohup.out
                    ...done in 0.201107204 seconds.
                    
      Regenerating: 1 file(s) changed at 2023-10-06 23:17:44
                    nohup.out
                    ...done in 0.203961345 seconds.
                    
      Regenerating: 1 file(s) changed at 2023-10-06 23:17:44
                    nohup.out
                    ...done in 0.193601413 seconds.
                    
      Regenerating: 1 file(s) changed at 2023-10-06 23:17:45
                    nohup.out
                    ...done in 0.199333348 seconds.
                    
      Regenerating: 1 file(s) changed at 2023-10-06 23:17:45
                    nohup.out
                    ...done in 0.197726976 seconds.
                    
      Regenerating: 1 file(s) changed at 2023-10-06 23:17:45
                    nohup.out
                    ...done in 0.218610322 seconds.
                    
      Regenerating: 1 file(s) changed at 2023-10-06 23:17:46
                    nohup.out
                    ...done in 0.184886292 seconds.
                    
      Regenerating: 1 file(s) changed at 2023-10-06 23:17:46
                    nohup.out
                    ...done in 0.200435279 seconds.
                    
      Regenerating: 1 file(s) changed at 2023-10-06 23:17:46
                    nohup.out
                    ...done in 0.172952064 seconds.
                    
      Regenerating: 1 file(s) changed at 2023-10-06 23:17:46
                    nohup.out
                    ...done in 0.203964134 seconds.
                    
      Regenerating: 1 file(s) changed at 2023-10-06 23:17:47
                    nohup.out
                    ...done in 0.190667408 seconds.
                    
      Regenerating: 1 file(s) changed at 2023-10-06 23:17:47
                    nohup.out
                    ...done in 0.2195895 seconds.
                    
      Regenerating: 1 file(s) changed at 2023-10-06 23:17:47
                    nohup.out
                    ...done in 0.223512927 seconds.
                    
      Regenerating: 1 file(s) changed at 2023-10-06 23:17:48
                    nohup.out
                    ...done in 0.171753867 seconds.
                    
      Regenerating: 1 file(s) changed at 2023-10-06 23:17:48
                    nohup.out
                    ...done in 0.194786855 seconds.
                    
      Regenerating: 1 file(s) changed at 2023-10-06 23:17:48
                    nohup.out
                    ...done in 0.192642553 seconds.
                    
      Regenerating: 1 file(s) changed at 2023-10-06 23:17:49
                    nohup.out
                    ...done in 0.180468194 seconds.
                    
      Regenerating: 1 file(s) changed at 2023-10-06 23:17:49
                    nohup.out
                    ...done in 0.197782992 seconds.
                    
      Regenerating: 1 file(s) changed at 2023-10-06 23:17:49
                    nohup.out
                    ...done in 0.189634628 seconds.
                    
      Regenerating: 1 file(s) changed at 2023-10-06 23:17:49
                    nohup.out
                    ...done in 0.179227719 seconds.
                    
      Regenerating: 1 file(s) changed at 2023-10-06 23:17:50
                    nohup.out
                    ...done in 0.174420715 seconds.
                    
      Regenerating: 1 file(s) changed at 2023-10-06 23:17:50
                    nohup.out
                    ...done in 0.214452928 seconds.
                    
      Regenerating: 1 file(s) changed at 2023-10-06 23:17:50
                    nohup.out
                    ...done in 0.209910142 seconds.
                    
      Regenerating: 1 file(s) changed at 2023-10-06 23:17:51
                    nohup.out
                    ...done in 0.197101228 seconds.
                    
      Regenerating: 1 file(s) changed at 2023-10-06 23:17:51
                    nohup.out
                    ...done in 0.225603527 seconds.
                    
      Regenerating: 1 file(s) changed at 2023-10-06 23:17:51
                    nohup.out
                    ...done in 0.187908863 seconds.
                    
      Regenerating: 1 file(s) changed at 2023-10-06 23:17:52
                    nohup.out
                    ...done in 0.196373363 seconds.
                    
      Regenerating: 1 file(s) changed at 2023-10-06 23:17:52
                    nohup.out
                    ...done in 0.193718461 seconds.
                    
      Regenerating: 1 file(s) changed at 2023-10-06 23:17:52
                    nohup.out
                    ...done in 0.203098669 seconds.
                    
      Regenerating: 1 file(s) changed at 2023-10-06 23:17:52
                    nohup.out
                    ...done in 0.175466043 seconds.
                    
      Regenerating: 1 file(s) changed at 2023-10-06 23:17:53
                    nohup.out
                    ...done in 0.205738001 seconds.
                    
      Regenerating: 1 file(s) changed at 2023-10-06 23:17:53
                    nohup.out
                    ...done in 0.204717607 seconds.
                    
      Regenerating: 1 file(s) changed at 2023-10-06 23:17:53
                    nohup.out
                    ...done in 0.184237835 seconds.
                    
      Regenerating: 1 file(s) changed at 2023-10-06 23:17:54
                    nohup.out
                    ...done in 0.18899774 seconds.
                    
      Regenerating: 1 file(s) changed at 2023-10-06 23:17:54
                    nohup.out
                    ...done in 0.261444142 seconds.
                    
Configuration file: /home/zeng/code/zengzzzzz.github.io/_config.yml
            Source: /home/zeng/code/zengzzzzz.github.io
       Destination: /home/zeng/code/zengzzzzz.github.io/_site
 Incremental build: disabled. Enable with --incremental
      Generating... 
                    done in 0.619 seconds.
 Auto-regeneration: enabled for '/home/zeng/code/zengzzzzz.github.io'
LiveReload address: http://0.0.0.0:35729
    Server address: http://0.0.0.0:4000/
  Server running... press ctrl-c to stop.
      Regenerating: 1 file(s) changed at 2023-10-06 23:18:05
                    nohup.out
                    ...done in 0.281835065 seconds.
                    
        LiveReload: Browser connected
      Regenerating: 1 file(s) changed at 2023-10-06 23:18:05
                    nohup.out
                    ...done in 0.165373478 seconds.
                    
      Regenerating: 1 file(s) changed at 2023-10-06 23:18:05
                    nohup.out
                    ...done in 0.20272361 seconds.
                    
      Regenerating: 1 file(s) changed at 2023-10-06 23:18:06
                    nohup.out
                    ...done in 0.204759561 seconds.
                    
      Regenerating: 1 file(s) changed at 2023-10-06 23:18:06
                    nohup.out
                    ...done in 0.185829375 seconds.
                    
      Regenerating: 1 file(s) changed at 2023-10-06 23:18:06
                    nohup.out
                    ...done in 0.242708405 seconds.
                    
      Regenerating: 1 file(s) changed at 2023-10-06 23:18:07
                    nohup.out
                    ...done in 0.204138743 seconds.
                    
      Regenerating: 1 file(s) changed at 2023-10-06 23:18:07
                    nohup.out
                    ...done in 0.226058479 seconds.
                    
      Regenerating: 1 file(s) changed at 2023-10-06 23:18:07
                    nohup.out
                    ...done in 0.193973976 seconds.
                    
      Regenerating: 1 file(s) changed at 2023-10-06 23:18:08
                    nohup.out
                    ...done in 0.200786036 seconds.
                    
      Regenerating: 1 file(s) changed at 2023-10-06 23:18:08
                    nohup.out
                    ...done in 0.185716183 seconds.
                    
      Regenerating: 1 file(s) changed at 2023-10-06 23:18:08
                    nohup.out
                    ...done in 0.256441605 seconds.
                    
Configuration file: /home/zeng/code/zengzzzzz.github.io/_config.yml
            Source: /home/zeng/code/zengzzzzz.github.io
       Destination: /home/zeng/code/zengzzzzz.github.io/_site
 Incremental build: disabled. Enable with --incremental
      Generating... 
                    done in 0.598 seconds.
 Auto-regeneration: enabled for '/home/zeng/code/zengzzzzz.github.io'
    Server address: http://0.0.0.0:4000/
  Server running... press ctrl-c to stop.
      Regenerating: 1 file(s) changed at 2023-10-06 23:18:19
                    nohup.out
                    ...done in 0.331683736 seconds.
                    
      Regenerating: 1 file(s) changed at 2023-10-06 23:18:19
                    nohup.out
                    ...done in 0.168977787 seconds.
                    
      Regenerating: 1 file(s) changed at 2023-10-06 23:18:20
                    nohup.out
                    ...done in 0.170634812 seconds.
                    
      Regenerating: 1 file(s) changed at 2023-10-06 23:18:20
                    nohup.out
                    ...done in 0.167845607 seconds.
                    
      Regenerating: 1 file(s) changed at 2023-10-06 23:18:20
                    nohup.out
                    ...done in 0.16851356 seconds.
                    
      Regenerating: 1 file(s) changed at 2023-10-06 23:18:20
                    nohup.out
                    ...done in 0.160656592 seconds.
                    
      Regenerating: 1 file(s) changed at 2023-10-06 23:18:21
                    nohup.out
                    ...done in 0.162287048 seconds.
                    
      Regenerating: 1 file(s) changed at 2023-10-06 23:18:21
                    nohup.out
                    ...done in 0.164726618 seconds.
                    
      Regenerating: 1 file(s) changed at 2023-10-06 23:18:21
                    nohup.out
                    ...done in 0.160006643 seconds.
                    
      Regenerating: 1 file(s) changed at 2023-10-06 23:18:22
                    nohup.out
                    ...done in 0.171004535 seconds.
                    
      Regenerating: 1 file(s) changed at 2023-10-06 23:18:22
                    nohup.out
                    ...done in 0.167810702 seconds.
                    
      Regenerating: 1 file(s) changed at 2023-10-06 23:18:22
                    nohup.out
                    ...done in 0.168984426 seconds.
                    
      Regenerating: 1 file(s) changed at 2023-10-06 23:18:22
                    nohup.out
                    ...done in 0.204855208 seconds.
                    
      Regenerating: 1 file(s) changed at 2023-10-06 23:18:23
                    nohup.out
                    ...done in 0.169448811 seconds.
                    
      Regenerating: 1 file(s) changed at 2023-10-06 23:18:23
                    nohup.out
                    ...done in 0.165602335 seconds.
                    
      Regenerating: 1 file(s) changed at 2023-10-06 23:18:23
                    nohup.out
                    ...done in 0.163113835 seconds.
                    
      Regenerating: 1 file(s) changed at 2023-10-06 23:18:23
                    nohup.out
                    ...done in 0.166721448 seconds.
                    
      Regenerating: 1 file(s) changed at 2023-10-06 23:18:24
                    nohup.out
                    ...done in 0.168241387 seconds.
                    
      Regenerating: 1 file(s) changed at 2023-10-06 23:18:24
                    nohup.out
                    ...done in 0.17029204 seconds.
                    
      Regenerating: 1 file(s) changed at 2023-10-06 23:18:24
                    nohup.out
                    ...done in 0.165068704 seconds.
                    
      Regenerating: 1 file(s) changed at 2023-10-06 23:18:25
                    nohup.out
                    ...done in 0.172223431 seconds.
                    
      Regenerating: 1 file(s) changed at 2023-10-06 23:18:25
                    nohup.out
                    ...done in 0.174905792 seconds.
                    
      Regenerating: 1 file(s) changed at 2023-10-06 23:18:25
                    nohup.out
                    ...done in 0.168428858 seconds.
                    
      Regenerating: 1 file(s) changed at 2023-10-06 23:18:25
                    nohup.out
                    ...done in 0.170196387 seconds.
                    
      Regenerating: 1 file(s) changed at 2023-10-06 23:18:26
                    nohup.out
                    ...done in 0.166762379 seconds.
                    
      Regenerating: 1 file(s) changed at 2023-10-06 23:18:26
                    nohup.out
                    ...done in 0.206640316 seconds.
                    
      Regenerating: 1 file(s) changed at 2023-10-06 23:18:26
                    nohup.out
                    ...done in 0.164591606 seconds.
                    
      Regenerating: 1 file(s) changed at 2023-10-06 23:18:26
                    nohup.out
                    ...done in 0.164083727 seconds.
                    
      Regenerating: 1 file(s) changed at 2023-10-06 23:18:27
                    nohup.out
                    ...done in 0.156780131 seconds.
                    
      Regenerating: 1 file(s) changed at 2023-10-06 23:18:27
                    nohup.out
                    ...done in 0.157828631 seconds.
                    
      Regenerating: 1 file(s) changed at 2023-10-06 23:18:27
                    nohup.out
                    ...done in 0.153660338 seconds.
                    
      Regenerating: 1 file(s) changed at 2023-10-06 23:18:27
                    nohup.out
                    ...done in 0.153878277 seconds.
                    
      Regenerating: 1 file(s) changed at 2023-10-06 23:18:28
                    nohup.out
                    ...done in 0.155104474 seconds.
                    
      Regenerating: 1 file(s) changed at 2023-10-06 23:18:28
                    nohup.out
                    ...done in 0.156040468 seconds.
                    
      Regenerating: 1 file(s) changed at 2023-10-06 23:18:28
                    nohup.out
                    ...done in 0.155717493 seconds.
                    
      Regenerating: 1 file(s) changed at 2023-10-06 23:18:28
                    nohup.out
                    ...done in 0.157622611 seconds.
                    
      Regenerating: 1 file(s) changed at 2023-10-06 23:18:29
                    nohup.out
                    ...done in 0.157838514 seconds.
                    
      Regenerating: 1 file(s) changed at 2023-10-06 23:18:29
                    nohup.out
                    ...done in 0.205219234 seconds.
                    
      Regenerating: 1 file(s) changed at 2023-10-06 23:18:29
                    nohup.out
                    ...done in 0.165360464 seconds.
                    
      Regenerating: 1 file(s) changed at 2023-10-06 23:18:30
                    nohup.out
                    ...done in 0.16991129 seconds.
                    
      Regenerating: 1 file(s) changed at 2023-10-06 23:18:30
                    nohup.out
                    ...done in 0.163688212 seconds.
                    
      Regenerating: 1 file(s) changed at 2023-10-06 23:18:30
                    nohup.out
                    ...done in 0.165858736 seconds.
                    
      Regenerating: 1 file(s) changed at 2023-10-06 23:18:30
                    nohup.out
                    ...done in 0.166741638 seconds.
                    
      Regenerating: 1 file(s) changed at 2023-10-06 23:18:31
                    nohup.out
                    ...done in 0.164505217 seconds.
                    
      Regenerating: 1 file(s) changed at 2023-10-06 23:18:31
                    nohup.out
                    ...done in 0.166185238 seconds.
                    
      Regenerating: 1 file(s) changed at 2023-10-06 23:18:31
                    nohup.out
                    ...done in 0.16724433 seconds.
                    
      Regenerating: 1 file(s) changed at 2023-10-06 23:18:31
                    nohup.out
                    ...done in 0.16633556 seconds.
                    
      Regenerating: 1 file(s) changed at 2023-10-06 23:18:32
                    nohup.out
                    ...done in 0.168715121 seconds.
                    
      Regenerating: 1 file(s) changed at 2023-10-06 23:18:32
                    nohup.out
                    ...done in 0.16481579 seconds.
                    
      Regenerating: 1 file(s) changed at 2023-10-06 23:18:32
                    nohup.out
                    ...done in 0.180021688 seconds.
                    
      Regenerating: 1 file(s) changed at 2023-10-06 23:18:33
                    nohup.out
